--- Copying files at Thu Dec 28 23:40:07 UTC 2023
--- Copying files at Sun Dec 31 00:53:03 UTC 2023
--- Copying files at Sun Dec 31 16:15:00 UTC 2023
--- Copying files at Sun Dec 31 18:06:56 UTC 2023
--- Copying files at Sun Dec 31 18:17:40 UTC 2023
--- Copying files at Sun Dec 31 19:05:54 UTC 2023
--- Copying files at Sun Dec 31 19:08:37 UTC 2023
--- Copying files at Sun Dec 31 19:31:27 UTC 2023
--- Copying files at Sun Dec 31 19:40:01 UTC 2023
--- Copying files at Sun Dec 31 19:48:07 UTC 2023
--- Copying files at Sun Dec 31 19:48:25 UTC 2023
--- Copying files at Sun Dec 31 19:55:50 UTC 2023
--- Copying files at Sun Dec 31 20:00:57 UTC 2023
--- Copying files at Sun Dec 31 20:01:37 UTC 2023
--- Copying files at Sun Dec 31 20:02:51 UTC 2023
--- Copying files at Sun Dec 31 20:03:58 UTC 2023
--- Copying files at Sun Dec 31 22:37:21 UTC 2023
--- Copying files at Sun Dec 31 22:37:40 UTC 2023
--- Copying files at Sun Dec 31 22:45:05 UTC 2023
--- Copying files at Sun Dec 31 23:33:21 UTC 2023
--- Copying files at Mon Jan  1 00:35:48 UTC 2024
--- Copying files at Mon Jan  1 00:52:55 UTC 2024
--- Copying files at Mon Jan  1 01:25:34 UTC 2024
--- Copying files at Fri Jan  5 00:25:50 UTC 2024
--- Copying files at Fri Jan  5 02:31:01 UTC 2024
--- Copying files at Sun Jan  7 21:54:07 UTC 2024
--- Copying files at Sun Jan  7 23:13:04 UTC 2024
--- Copying files at Sun Jan  7 23:13:14 UTC 2024
--- Copying files at Sun Jan  7 23:32:39 UTC 2024
--- Copying files at Mon Jan  8 00:56:07 UTC 2024
--- Copying files at Mon Jan  8 01:28:17 UTC 2024
--- Copying files at Mon Jan  8 01:46:33 UTC 2024
--- Copying files at Wed Jan 10 01:48:25 UTC 2024
--- Copying files at Wed Jan 10 02:30:43 UTC 2024
--- Copying files at Fri Jan 12 00:37:20 UTC 2024
--- Copying files at Fri Jan 19 00:00:39 UTC 2024
--- Copying files at Fri Jan 19 00:21:04 UTC 2024
--- Copying files at Sat Jan 20 00:39:01 UTC 2024
--- Copying files at Sat Jan 20 16:50:55 UTC 2024
