Started at Sun Jan 21 17:58:37 UTC 2024
Processing ansible-test
Offering ansible-test to Project Build Discarder
Processing ansible-users-db
Offering ansible-users-db to Project Build Discarder
Processing BackUp-MySQL-AWS
Offering BackUp-MySQL-AWS to Project Build Discarder
Processing My First bash script
Offering My First bash script to Project Build Discarder
Processing My first remote job
Offering My first remote job to Project Build Discarder
Processing My-First-Job
Offering My-First-Job to Project Build Discarder
Processing Parametrized Job
Offering Parametrized Job to Project Build Discarder
Finished at Sun Jan 21 17:58:38 UTC 2024. 407ms
Started at Sun Jan 21 18:56:06 UTC 2024
Processing ansible-test
Offering ansible-test to Project Build Discarder
Processing ansible-users-db
Offering ansible-users-db to Project Build Discarder
Processing BackUp-MySQL-AWS
Offering BackUp-MySQL-AWS to Project Build Discarder
Processing My First bash script
Offering My First bash script to Project Build Discarder
Processing My first remote job
Offering My first remote job to Project Build Discarder
Processing My-First-Job
Offering My-First-Job to Project Build Discarder
Processing Parametrized Job
Offering Parametrized Job to Project Build Discarder
Finished at Sun Jan 21 18:56:06 UTC 2024. 33ms
Started at Sun Jan 21 19:56:06 UTC 2024
Processing ansible-test
Offering ansible-test to Project Build Discarder
Processing ansible-users-db
Offering ansible-users-db to Project Build Discarder
Processing BackUp-MySQL-AWS
Offering BackUp-MySQL-AWS to Project Build Discarder
Processing My First bash script
Offering My First bash script to Project Build Discarder
Processing My first remote job
Offering My first remote job to Project Build Discarder
Processing My-First-Job
Offering My-First-Job to Project Build Discarder
Processing Parametrized Job
Offering Parametrized Job to Project Build Discarder
Finished at Sun Jan 21 19:56:06 UTC 2024. 112ms
